  AI.cpp
C:\Users\User\Desktop\FYP - SDL\FYP Using SDL\FYP Using SDL\Commons.h(3,10): fatal error C1083: Cannot open include file: 'SDL.h': No such file or directory
  Bishop.cpp
C:\Users\User\Desktop\FYP - SDL\FYP Using SDL\FYP Using SDL\Commons.h(3,10): fatal error C1083: Cannot open include file: 'SDL.h': No such file or directory
  ChessBoard.cpp
C:\Users\User\Desktop\FYP - SDL\FYP Using SDL\FYP Using SDL\Commons.h(3,10): fatal error C1083: Cannot open include file: 'SDL.h': No such file or directory
  Evaluation.cpp
C:\Users\User\Desktop\FYP - SDL\FYP Using SDL\FYP Using SDL\Commons.h(3,10): fatal error C1083: Cannot open include file: 'SDL.h': No such file or directory
  King.cpp
C:\Users\User\Desktop\FYP - SDL\FYP Using SDL\FYP Using SDL\Commons.h(3,10): fatal error C1083: Cannot open include file: 'SDL.h': No such file or directory
  Knight.cpp
C:\Users\User\Desktop\FYP - SDL\FYP Using SDL\FYP Using SDL\Commons.h(3,10): fatal error C1083: Cannot open include file: 'SDL.h': No such file or directory
  MovementGenerator.cpp
C:\Users\User\Desktop\FYP - SDL\FYP Using SDL\FYP Using SDL\Commons.h(3,10): fatal error C1083: Cannot open include file: 'SDL.h': No such file or directory
  Pawn.cpp
C:\Users\User\Desktop\FYP - SDL\FYP Using SDL\FYP Using SDL\Commons.h(3,10): fatal error C1083: Cannot open include file: 'SDL.h': No such file or directory
  Piece.cpp
C:\Users\User\Desktop\FYP - SDL\FYP Using SDL\FYP Using SDL\Commons.h(3,10): fatal error C1083: Cannot open include file: 'SDL.h': No such file or directory
  Queen.cpp
C:\Users\User\Desktop\FYP - SDL\FYP Using SDL\FYP Using SDL\Commons.h(3,10): fatal error C1083: Cannot open include file: 'SDL.h': No such file or directory
  Rook.cpp
C:\Users\User\Desktop\FYP - SDL\FYP Using SDL\FYP Using SDL\Commons.h(3,10): fatal error C1083: Cannot open include file: 'SDL.h': No such file or directory
  Source.cpp
C:\Users\User\Desktop\FYP - SDL\FYP Using SDL\FYP Using SDL\Source.cpp(1,10): fatal error C1083: Cannot open include file: 'SDL.h': No such file or directory
  Texture.cpp
C:\Users\User\Desktop\FYP - SDL\FYP Using SDL\FYP Using SDL\Texture.h(2,10): fatal error C1083: Cannot open include file: 'SDL.h': No such file or directory
